{"/Users/mj/Documents/SchoolDocuments/TDDD96/responsive-digital-library/server/src/index.js": {"path":"/Users/mj/Documents/SchoolDocuments/TDDD96/responsive-digital-library/server/src/index.js","statementMap":{"0":{"start":{"line":9,"column":11},"end":{"line":9,"column":26}},"1":{"start":{"line":11,"column":12},"end":{"line":11,"column":21}},"2":{"start":{"line":12,"column":13},"end":{"line":12,"column":17}},"3":{"start":{"line":14,"column":0},"end":{"line":14,"column":15}},"4":{"start":{"line":15,"column":0},"end":{"line":19,"column":2}},"5":{"start":{"line":21,"column":0},"end":{"line":21,"column":27}},"6":{"start":{"line":23,"column":0},"end":{"line":23,"column":24}},"7":{"start":{"line":24,"column":0},"end":{"line":24,"column":34}},"8":{"start":{"line":25,"column":0},"end":{"line":25,"column":34}},"9":{"start":{"line":26,"column":0},"end":{"line":26,"column":32}},"10":{"start":{"line":28,"column":0},"end":{"line":30,"column":3}},"11":{"start":{"line":29,"column":2},"end":{"line":29,"column":29}},"12":{"start":{"line":32,"column":15},"end":{"line":34,"column":2}},"13":{"start":{"line":33,"column":4},"end":{"line":33,"column":47}}},"fnMap":{"0":{"name":"(anonymous_0)","decl":{"start":{"line":28,"column":13},"end":{"line":28,"column":14}},"loc":{"start":{"line":28,"column":31},"end":{"line":30,"column":1}},"line":28},"1":{"name":"(anonymous_1)","decl":{"start":{"line":32,"column":32},"end":{"line":32,"column":33}},"loc":{"start":{"line":32,"column":44},"end":{"line":34,"column":1}},"line":32}},"branchMap":{},"s":{"0":1,"1":1,"2":1,"3":1,"4":1,"5":1,"6":1,"7":1,"8":1,"9":1,"10":1,"11":1,"12":1,"13":1},"f":{"0":1,"1":1},"b":{},"_coverageSchema":"1a1c01bbd47fc00a2c39e90264f33305004495a9","hash":"226743c7c5ec86a24a484515ec94fd92315d03f7"}
,"/Users/mj/Documents/SchoolDocuments/TDDD96/responsive-digital-library/server/src/config/mongodb.config.js": {"path":"/Users/mj/Documents/SchoolDocuments/TDDD96/responsive-digital-library/server/src/config/mongodb.config.js","statementMap":{"0":{"start":{"line":4,"column":0},"end":{"line":4,"column":16}},"1":{"start":{"line":6,"column":16},"end":{"line":14,"column":1}},"2":{"start":{"line":20,"column":4},"end":{"line":20,"column":15}},"3":{"start":{"line":22,"column":24},"end":{"line":25,"column":1}},"4":{"start":{"line":27,"column":0},"end":{"line":27,"column":56}},"5":{"start":{"line":28,"column":11},"end":{"line":28,"column":30}},"6":{"start":{"line":30,"column":0},"end":{"line":30,"column":100}},"7":{"start":{"line":31,"column":0},"end":{"line":33,"column":3}},"8":{"start":{"line":32,"column":5},"end":{"line":32,"column":50}}},"fnMap":{"0":{"name":"(anonymous_0)","decl":{"start":{"line":31,"column":16},"end":{"line":31,"column":17}},"loc":{"start":{"line":31,"column":22},"end":{"line":33,"column":1}},"line":31}},"branchMap":{},"s":{"0":1,"1":1,"2":1,"3":1,"4":1,"5":1,"6":1,"7":1,"8":0},"f":{"0":0},"b":{},"_coverageSchema":"1a1c01bbd47fc00a2c39e90264f33305004495a9","hash":"e72b0f866211b318349cb37ecfacabb497df4106"}
,"/Users/mj/Documents/SchoolDocuments/TDDD96/responsive-digital-library/server/src/models/book.model.js": {"path":"/Users/mj/Documents/SchoolDocuments/TDDD96/responsive-digital-library/server/src/models/book.model.js","statementMap":{"0":{"start":{"line":3,"column":19},"end":{"line":41,"column":2}},"1":{"start":{"line":43,"column":13},"end":{"line":43,"column":47}}},"fnMap":{},"branchMap":{},"s":{"0":1,"1":1},"f":{},"b":{},"_coverageSchema":"1a1c01bbd47fc00a2c39e90264f33305004495a9","hash":"006fb86291ebb8b159a82b5ff715102f0dc1f90a"}
,"/Users/mj/Documents/SchoolDocuments/TDDD96/responsive-digital-library/server/src/models/tag.model.js": {"path":"/Users/mj/Documents/SchoolDocuments/TDDD96/responsive-digital-library/server/src/models/tag.model.js","statementMap":{"0":{"start":{"line":3,"column":18},"end":{"line":5,"column":2}},"1":{"start":{"line":7,"column":12},"end":{"line":7,"column":44}}},"fnMap":{},"branchMap":{},"s":{"0":1,"1":1},"f":{},"b":{},"_coverageSchema":"1a1c01bbd47fc00a2c39e90264f33305004495a9","hash":"6545420000e6eb0cdbb3bacd1e76b982a8514ae5"}
,"/Users/mj/Documents/SchoolDocuments/TDDD96/responsive-digital-library/server/src/models/user.model.js": {"path":"/Users/mj/Documents/SchoolDocuments/TDDD96/responsive-digital-library/server/src/models/user.model.js","statementMap":{"0":{"start":{"line":3,"column":19},"end":{"line":7,"column":2}},"1":{"start":{"line":9,"column":13},"end":{"line":9,"column":47}}},"fnMap":{},"branchMap":{},"s":{"0":1,"1":1},"f":{},"b":{},"_coverageSchema":"1a1c01bbd47fc00a2c39e90264f33305004495a9","hash":"57a2cc8917c215e323f4c9f07471200e07c0294d"}
,"/Users/mj/Documents/SchoolDocuments/TDDD96/responsive-digital-library/server/src/routes/book.routes.js": {"path":"/Users/mj/Documents/SchoolDocuments/TDDD96/responsive-digital-library/server/src/routes/book.routes.js","statementMap":{"0":{"start":{"line":3,"column":19},"end":{"line":3,"column":35}},"1":{"start":{"line":6,"column":0},"end":{"line":19,"column":3}},"2":{"start":{"line":7,"column":4},"end":{"line":18,"column":7}},"3":{"start":{"line":8,"column":8},"end":{"line":13,"column":9}},"4":{"start":{"line":9,"column":12},"end":{"line":12,"column":15}},"5":{"start":{"line":14,"column":8},"end":{"line":17,"column":11}},"6":{"start":{"line":22,"column":0},"end":{"line":35,"column":3}},"7":{"start":{"line":23,"column":4},"end":{"line":34,"column":8}},"8":{"start":{"line":24,"column":8},"end":{"line":29,"column":9}},"9":{"start":{"line":25,"column":13},"end":{"line":28,"column":16}},"10":{"start":{"line":30,"column":8},"end":{"line":33,"column":11}},"11":{"start":{"line":38,"column":0},"end":{"line":67,"column":3}},"12":{"start":{"line":39,"column":16},"end":{"line":53,"column":3}},"13":{"start":{"line":54,"column":3},"end":{"line":66,"column":5}},"14":{"start":{"line":55,"column":4},"end":{"line":60,"column":5}},"15":{"start":{"line":56,"column":8},"end":{"line":59,"column":11}},"16":{"start":{"line":61,"column":6},"end":{"line":65,"column":9}},"17":{"start":{"line":70,"column":0},"end":{"line":85,"column":3}},"18":{"start":{"line":71,"column":23},"end":{"line":71,"column":31}},"19":{"start":{"line":72,"column":2},"end":{"line":84,"column":5}},"20":{"start":{"line":73,"column":6},"end":{"line":78,"column":7}},"21":{"start":{"line":74,"column":10},"end":{"line":77,"column":15}},"22":{"start":{"line":79,"column":6},"end":{"line":83,"column":11}},"23":{"start":{"line":88,"column":0},"end":{"line":102,"column":3}},"24":{"start":{"line":89,"column":2},"end":{"line":101,"column":5}},"25":{"start":{"line":90,"column":6},"end":{"line":95,"column":7}},"26":{"start":{"line":91,"column":8},"end":{"line":94,"column":11}},"27":{"start":{"line":96,"column":4},"end":{"line":100,"column":7}}},"fnMap":{"0":{"name":"(anonymous_0)","decl":{"start":{"line":6,"column":20},"end":{"line":6,"column":21}},"loc":{"start":{"line":6,"column":40},"end":{"line":19,"column":1}},"line":6},"1":{"name":"(anonymous_1)","decl":{"start":{"line":7,"column":19},"end":{"line":7,"column":20}},"loc":{"start":{"line":7,"column":40},"end":{"line":18,"column":5}},"line":7},"2":{"name":"(anonymous_2)","decl":{"start":{"line":22,"column":28},"end":{"line":22,"column":29}},"loc":{"start":{"line":22,"column":48},"end":{"line":35,"column":1}},"line":22},"3":{"name":"(anonymous_3)","decl":{"start":{"line":23,"column":38},"end":{"line":23,"column":39}},"loc":{"start":{"line":23,"column":61},"end":{"line":34,"column":6}},"line":23},"4":{"name":"(anonymous_4)","decl":{"start":{"line":38,"column":21},"end":{"line":38,"column":22}},"loc":{"start":{"line":38,"column":41},"end":{"line":67,"column":1}},"line":38},"5":{"name":"(anonymous_5)","decl":{"start":{"line":54,"column":24},"end":{"line":54,"column":25}},"loc":{"start":{"line":54,"column":46},"end":{"line":66,"column":3}},"line":54},"6":{"name":"(anonymous_6)","decl":{"start":{"line":70,"column":30},"end":{"line":70,"column":31}},"loc":{"start":{"line":70,"column":50},"end":{"line":85,"column":1}},"line":70},"7":{"name":"(anonymous_7)","decl":{"start":{"line":72,"column":86},"end":{"line":72,"column":87}},"loc":{"start":{"line":72,"column":109},"end":{"line":84,"column":3}},"line":72},"8":{"name":"(anonymous_8)","decl":{"start":{"line":88,"column":31},"end":{"line":88,"column":32}},"loc":{"start":{"line":88,"column":51},"end":{"line":102,"column":1}},"line":88},"9":{"name":"(anonymous_9)","decl":{"start":{"line":89,"column":45},"end":{"line":89,"column":46}},"loc":{"start":{"line":89,"column":66},"end":{"line":101,"column":3}},"line":89}},"branchMap":{"0":{"loc":{"start":{"line":8,"column":8},"end":{"line":13,"column":9}},"type":"if","locations":[{"start":{"line":8,"column":8},"end":{"line":13,"column":9}},{"start":{},"end":{}}],"line":8},"1":{"loc":{"start":{"line":24,"column":8},"end":{"line":29,"column":9}},"type":"if","locations":[{"start":{"line":24,"column":8},"end":{"line":29,"column":9}},{"start":{},"end":{}}],"line":24},"2":{"loc":{"start":{"line":55,"column":4},"end":{"line":60,"column":5}},"type":"if","locations":[{"start":{"line":55,"column":4},"end":{"line":60,"column":5}},{"start":{},"end":{}}],"line":55},"3":{"loc":{"start":{"line":73,"column":6},"end":{"line":78,"column":7}},"type":"if","locations":[{"start":{"line":73,"column":6},"end":{"line":78,"column":7}},{"start":{},"end":{}}],"line":73},"4":{"loc":{"start":{"line":90,"column":6},"end":{"line":95,"column":7}},"type":"if","locations":[{"start":{"line":90,"column":6},"end":{"line":95,"column":7}},{"start":{},"end":{}}],"line":90}},"s":{"0":1,"1":1,"2":0,"3":0,"4":0,"5":0,"6":1,"7":0,"8":0,"9":0,"10":0,"11":1,"12":1,"13":1,"14":1,"15":1,"16":1,"17":1,"18":0,"19":0,"20":0,"21":0,"22":0,"23":1,"24":0,"25":0,"26":0,"27":0},"f":{"0":0,"1":0,"2":0,"3":0,"4":1,"5":1,"6":0,"7":0,"8":0,"9":0},"b":{"0":[0,0],"1":[0,0],"2":[1,0],"3":[0,0],"4":[0,0]},"_coverageSchema":"1a1c01bbd47fc00a2c39e90264f33305004495a9","hash":"d988dcdf4937cfd5e61ca3fa074e4af45a61deef"}
,"/Users/mj/Documents/SchoolDocuments/TDDD96/responsive-digital-library/server/src/routes/index.js": {"path":"/Users/mj/Documents/SchoolDocuments/TDDD96/responsive-digital-library/server/src/routes/index.js","statementMap":{"0":{"start":{"line":3,"column":13},"end":{"line":3,"column":29}},"1":{"start":{"line":5,"column":0},"end":{"line":7,"column":2}},"2":{"start":{"line":6,"column":4},"end":{"line":6,"column":28}}},"fnMap":{"0":{"name":"(anonymous_0)","decl":{"start":{"line":5,"column":16},"end":{"line":5,"column":17}},"loc":{"start":{"line":5,"column":30},"end":{"line":7,"column":1}},"line":5}},"branchMap":{},"s":{"0":1,"1":1,"2":0},"f":{"0":0},"b":{},"_coverageSchema":"1a1c01bbd47fc00a2c39e90264f33305004495a9","hash":"82398750e29aaa2b65e8ea9d72b4b869c2c1df8c"}
,"/Users/mj/Documents/SchoolDocuments/TDDD96/responsive-digital-library/server/src/routes/tag.routes.js": {"path":"/Users/mj/Documents/SchoolDocuments/TDDD96/responsive-digital-library/server/src/routes/tag.routes.js","statementMap":{"0":{"start":{"line":4,"column":18},"end":{"line":4,"column":34}},"1":{"start":{"line":7,"column":0},"end":{"line":20,"column":3}},"2":{"start":{"line":8,"column":4},"end":{"line":19,"column":7}},"3":{"start":{"line":9,"column":8},"end":{"line":14,"column":9}},"4":{"start":{"line":10,"column":12},"end":{"line":13,"column":15}},"5":{"start":{"line":15,"column":8},"end":{"line":18,"column":11}},"6":{"start":{"line":23,"column":0},"end":{"line":36,"column":3}},"7":{"start":{"line":24,"column":2},"end":{"line":35,"column":6}},"8":{"start":{"line":25,"column":6},"end":{"line":30,"column":7}},"9":{"start":{"line":26,"column":11},"end":{"line":29,"column":14}},"10":{"start":{"line":31,"column":6},"end":{"line":34,"column":9}},"11":{"start":{"line":39,"column":0},"end":{"line":56,"column":5}},"12":{"start":{"line":40,"column":17},"end":{"line":42,"column":5}},"13":{"start":{"line":43,"column":5},"end":{"line":55,"column":7}},"14":{"start":{"line":44,"column":6},"end":{"line":49,"column":7}},"15":{"start":{"line":45,"column":8},"end":{"line":48,"column":11}},"16":{"start":{"line":50,"column":8},"end":{"line":54,"column":11}},"17":{"start":{"line":59,"column":0},"end":{"line":73,"column":5}},"18":{"start":{"line":60,"column":4},"end":{"line":72,"column":7}},"19":{"start":{"line":61,"column":8},"end":{"line":66,"column":9}},"20":{"start":{"line":62,"column":12},"end":{"line":65,"column":17}},"21":{"start":{"line":67,"column":8},"end":{"line":71,"column":13}},"22":{"start":{"line":76,"column":0},"end":{"line":106,"column":3}},"23":{"start":{"line":77,"column":2},"end":{"line":89,"column":5}},"24":{"start":{"line":78,"column":4},"end":{"line":83,"column":5}},"25":{"start":{"line":79,"column":8},"end":{"line":82,"column":13}},"26":{"start":{"line":84,"column":4},"end":{"line":88,"column":9}}},"fnMap":{"0":{"name":"(anonymous_0)","decl":{"start":{"line":7,"column":19},"end":{"line":7,"column":20}},"loc":{"start":{"line":7,"column":39},"end":{"line":20,"column":1}},"line":7},"1":{"name":"(anonymous_1)","decl":{"start":{"line":8,"column":18},"end":{"line":8,"column":19}},"loc":{"start":{"line":8,"column":39},"end":{"line":19,"column":5}},"line":8},"2":{"name":"(anonymous_2)","decl":{"start":{"line":23,"column":26},"end":{"line":23,"column":27}},"loc":{"start":{"line":23,"column":46},"end":{"line":36,"column":1}},"line":23},"3":{"name":"(anonymous_3)","decl":{"start":{"line":24,"column":34},"end":{"line":24,"column":35}},"loc":{"start":{"line":24,"column":57},"end":{"line":35,"column":4}},"line":24},"4":{"name":"(anonymous_4)","decl":{"start":{"line":39,"column":20},"end":{"line":39,"column":21}},"loc":{"start":{"line":39,"column":40},"end":{"line":56,"column":3}},"line":39},"5":{"name":"(anonymous_5)","decl":{"start":{"line":43,"column":24},"end":{"line":43,"column":25}},"loc":{"start":{"line":43,"column":46},"end":{"line":55,"column":5}},"line":43},"6":{"name":"(anonymous_6)","decl":{"start":{"line":59,"column":29},"end":{"line":59,"column":30}},"loc":{"start":{"line":59,"column":49},"end":{"line":73,"column":3}},"line":59},"7":{"name":"(anonymous_7)","decl":{"start":{"line":60,"column":127},"end":{"line":60,"column":128}},"loc":{"start":{"line":60,"column":150},"end":{"line":72,"column":5}},"line":60},"8":{"name":"(anonymous_8)","decl":{"start":{"line":76,"column":38},"end":{"line":76,"column":39}},"loc":{"start":{"line":76,"column":58},"end":{"line":106,"column":1}},"line":76},"9":{"name":"(anonymous_9)","decl":{"start":{"line":77,"column":126},"end":{"line":77,"column":127}},"loc":{"start":{"line":77,"column":149},"end":{"line":89,"column":3}},"line":77}},"branchMap":{"0":{"loc":{"start":{"line":9,"column":8},"end":{"line":14,"column":9}},"type":"if","locations":[{"start":{"line":9,"column":8},"end":{"line":14,"column":9}},{"start":{},"end":{}}],"line":9},"1":{"loc":{"start":{"line":25,"column":6},"end":{"line":30,"column":7}},"type":"if","locations":[{"start":{"line":25,"column":6},"end":{"line":30,"column":7}},{"start":{},"end":{}}],"line":25},"2":{"loc":{"start":{"line":44,"column":6},"end":{"line":49,"column":7}},"type":"if","locations":[{"start":{"line":44,"column":6},"end":{"line":49,"column":7}},{"start":{},"end":{}}],"line":44},"3":{"loc":{"start":{"line":61,"column":8},"end":{"line":66,"column":9}},"type":"if","locations":[{"start":{"line":61,"column":8},"end":{"line":66,"column":9}},{"start":{},"end":{}}],"line":61},"4":{"loc":{"start":{"line":78,"column":4},"end":{"line":83,"column":5}},"type":"if","locations":[{"start":{"line":78,"column":4},"end":{"line":83,"column":5}},{"start":{},"end":{}}],"line":78}},"s":{"0":1,"1":1,"2":0,"3":0,"4":0,"5":0,"6":1,"7":0,"8":0,"9":0,"10":0,"11":1,"12":0,"13":0,"14":0,"15":0,"16":0,"17":1,"18":0,"19":0,"20":0,"21":0,"22":1,"23":0,"24":0,"25":0,"26":0},"f":{"0":0,"1":0,"2":0,"3":0,"4":0,"5":0,"6":0,"7":0,"8":0,"9":0},"b":{"0":[0,0],"1":[0,0],"2":[0,0],"3":[0,0],"4":[0,0]},"_coverageSchema":"1a1c01bbd47fc00a2c39e90264f33305004495a9","hash":"e22c006ff8d54a53be97337d6412dc8eaa826598"}
,"/Users/mj/Documents/SchoolDocuments/TDDD96/responsive-digital-library/server/src/routes/user.routes.js": {"path":"/Users/mj/Documents/SchoolDocuments/TDDD96/responsive-digital-library/server/src/routes/user.routes.js","statementMap":{"0":{"start":{"line":3,"column":19},"end":{"line":3,"column":35}},"1":{"start":{"line":5,"column":0},"end":{"line":18,"column":3}},"2":{"start":{"line":6,"column":30},"end":{"line":6,"column":38}},"3":{"start":{"line":7,"column":4},"end":{"line":17,"column":6}},"4":{"start":{"line":8,"column":8},"end":{"line":16,"column":9}},"5":{"start":{"line":9,"column":11},"end":{"line":13,"column":12}},"6":{"start":{"line":10,"column":15},"end":{"line":10,"column":65}},"7":{"start":{"line":12,"column":15},"end":{"line":12,"column":56}},"8":{"start":{"line":15,"column":12},"end":{"line":15,"column":38}},"9":{"start":{"line":20,"column":0},"end":{"line":36,"column":3}},"10":{"start":{"line":21,"column":36},"end":{"line":21,"column":44}},"11":{"start":{"line":22,"column":4},"end":{"line":35,"column":6}},"12":{"start":{"line":23,"column":8},"end":{"line":34,"column":9}},"13":{"start":{"line":24,"column":12},"end":{"line":24,"column":53}},"14":{"start":{"line":26,"column":25},"end":{"line":26,"column":58}},"15":{"start":{"line":27,"column":12},"end":{"line":33,"column":14}},"16":{"start":{"line":28,"column":16},"end":{"line":32,"column":17}},"17":{"start":{"line":29,"column":20},"end":{"line":29,"column":33}},"18":{"start":{"line":31,"column":20},"end":{"line":31,"column":62}}},"fnMap":{"0":{"name":"(anonymous_0)","decl":{"start":{"line":5,"column":26},"end":{"line":5,"column":27}},"loc":{"start":{"line":5,"column":40},"end":{"line":18,"column":1}},"line":5},"1":{"name":"(anonymous_1)","decl":{"start":{"line":7,"column":32},"end":{"line":7,"column":33}},"loc":{"start":{"line":7,"column":47},"end":{"line":17,"column":5}},"line":7},"2":{"name":"(anonymous_2)","decl":{"start":{"line":20,"column":29},"end":{"line":20,"column":30}},"loc":{"start":{"line":20,"column":43},"end":{"line":36,"column":1}},"line":20},"3":{"name":"(anonymous_3)","decl":{"start":{"line":22,"column":32},"end":{"line":22,"column":33}},"loc":{"start":{"line":22,"column":47},"end":{"line":35,"column":5}},"line":22},"4":{"name":"(anonymous_4)","decl":{"start":{"line":27,"column":22},"end":{"line":27,"column":23}},"loc":{"start":{"line":27,"column":29},"end":{"line":33,"column":13}},"line":27}},"branchMap":{"0":{"loc":{"start":{"line":8,"column":8},"end":{"line":16,"column":9}},"type":"if","locations":[{"start":{"line":8,"column":8},"end":{"line":16,"column":9}},{"start":{"line":14,"column":15},"end":{"line":16,"column":9}}],"line":8},"1":{"loc":{"start":{"line":9,"column":11},"end":{"line":13,"column":12}},"type":"if","locations":[{"start":{"line":9,"column":11},"end":{"line":13,"column":12}},{"start":{"line":11,"column":18},"end":{"line":13,"column":12}}],"line":9},"2":{"loc":{"start":{"line":23,"column":8},"end":{"line":34,"column":9}},"type":"if","locations":[{"start":{"line":23,"column":8},"end":{"line":34,"column":9}},{"start":{"line":25,"column":15},"end":{"line":34,"column":9}}],"line":23},"3":{"loc":{"start":{"line":28,"column":16},"end":{"line":32,"column":17}},"type":"if","locations":[{"start":{"line":28,"column":16},"end":{"line":32,"column":17}},{"start":{"line":30,"column":23},"end":{"line":32,"column":17}}],"line":28}},"s":{"0":1,"1":1,"2":0,"3":0,"4":0,"5":0,"6":0,"7":0,"8":0,"9":1,"10":0,"11":0,"12":0,"13":0,"14":0,"15":0,"16":0,"17":0,"18":0},"f":{"0":0,"1":0,"2":0,"3":0,"4":0},"b":{"0":[0,0],"1":[0,0],"2":[0,0],"3":[0,0]},"_coverageSchema":"1a1c01bbd47fc00a2c39e90264f33305004495a9","hash":"15afc7e07d6fb0301f49a6bb23b151ea103d1586"}
}
